2024-05-08T12:33:22+00:00 DEBUG Tt4b_Pixel_Class::inject_view_content_event: hit ViewContent
2024-05-08T12:33:22+00:00 DEBUG Tt4b_Pixel_Class::inject_view_content_event: Missing option "access_token"
2024-05-08T12:33:34+00:00 DEBUG Tt4b_Pixel_Class::inject_view_content_event: hit ViewContent
2024-05-08T12:33:34+00:00 DEBUG Tt4b_Pixel_Class::inject_view_content_event: Missing option "access_token"
2024-05-08T12:33:40+00:00 DEBUG Tt4b_Pixel_Class::inject_view_content_event: hit ViewContent
2024-05-08T12:33:40+00:00 DEBUG Tt4b_Pixel_Class::inject_view_content_event: Missing option "access_token"
2024-05-08T12:33:58+00:00 DEBUG Tt4b_Pixel_Class::inject_view_content_event: hit ViewContent
2024-05-08T12:33:58+00:00 DEBUG Tt4b_Pixel_Class::inject_view_content_event: Missing option "access_token"
2024-05-08T12:34:01+00:00 DEBUG Tt4b_Pixel_Class::inject_view_content_event: hit ViewContent
2024-05-08T12:34:01+00:00 DEBUG Tt4b_Pixel_Class::inject_view_content_event: Missing option "access_token"
2024-05-08T12:34:07+00:00 DEBUG Tt4b_Pixel_Class::inject_view_content_event: hit ViewContent
2024-05-08T12:34:07+00:00 DEBUG Tt4b_Pixel_Class::inject_view_content_event: Missing option "access_token"
2024-05-08T12:34:34+00:00 DEBUG Tt4b_Pixel_Class::inject_view_content_event: hit ViewContent
2024-05-08T12:34:34+00:00 DEBUG Tt4b_Pixel_Class::inject_view_content_event: Missing option "access_token"
2024-05-08T12:34:40+00:00 DEBUG Tt4b_Pixel_Class::inject_view_content_event: hit ViewContent
2024-05-08T12:34:40+00:00 DEBUG Tt4b_Pixel_Class::inject_view_content_event: Missing option "access_token"
2024-05-08T13:50:28+00:00 DEBUG tt4b_product_delete: missing access token for tt4b_product_sync
2024-05-08T14:34:51+00:00 DEBUG Tt4b_Pixel_Class::inject_view_content_event: hit ViewContent
2024-05-08T14:34:51+00:00 DEBUG Tt4b_Pixel_Class::inject_view_content_event: Missing option "access_token"
2024-05-08T14:36:02+00:00 DEBUG Tt4b_Pixel_Class::inject_view_content_event: hit ViewContent
2024-05-08T14:36:02+00:00 DEBUG Tt4b_Pixel_Class::inject_view_content_event: Missing option "access_token"
2024-05-08T14:36:13+00:00 DEBUG Tt4b_Pixel_Class::inject_view_content_event: hit ViewContent
2024-05-08T14:36:13+00:00 DEBUG Tt4b_Pixel_Class::inject_view_content_event: Missing option "access_token"
2024-05-08T14:36:43+00:00 DEBUG Tt4b_Pixel_Class::inject_view_content_event: hit ViewContent
2024-05-08T14:36:43+00:00 DEBUG Tt4b_Pixel_Class::inject_view_content_event: Missing option "access_token"
2024-05-08T14:36:55+00:00 DEBUG Tt4b_Pixel_Class::inject_view_content_event: hit ViewContent
2024-05-08T14:36:55+00:00 DEBUG Tt4b_Pixel_Class::inject_view_content_event: Missing option "access_token"
2024-05-08T14:37:01+00:00 DEBUG Tt4b_Pixel_Class::inject_view_content_event: hit ViewContent
2024-05-08T14:37:01+00:00 DEBUG Tt4b_Pixel_Class::inject_view_content_event: Missing option "access_token"
2024-05-08T14:38:10+00:00 DEBUG Tt4b_Pixel_Class::inject_initiate_checkout_event: hit InitiateCheckout
2024-05-08T14:38:10+00:00 DEBUG Tt4b_Pixel_Class::inject_initiate_checkout_event: Missing option "access_token"
